<?xml version="1.0" encoding="UTF-8"?>
<!-- Generated by org.testng.reporters.JUnitXMLReporter -->
<testsuite ignored="0" hostname="Krishna-PC" failures="0" tests="3" name="Default test" time="22.027" errors="0" timestamp="2023-05-08T07:32:54 CDT">
  <testcase classname="testcases.CheckOutPageTestcase" name="CheckoutOverview" time="1.843"/>
  <testcase classname="testcases.CheckOutPageTestcase" name="FillOutForm" time="1.468"/>
  <testcase classname="testcases.CheckOutPageTestcase" name="validateConfirmationMessage" time="1.606"/>
</testsuite> <!-- Default test -->
