<?xml version="1.0" encoding="UTF-8"?>
<!-- Generated by org.testng.reporters.JUnitXMLReporter -->
<testsuite ignored="0" hostname="Krishna-PC" failures="0" tests="13" name="Test" time="79.121" errors="0" timestamp="2023-05-08T07:35:41 CDT">
  <testcase classname="testcases.AddToCartTestcase" name="ValidateBeforeAfterAddButton" time="1.353"/>
  <testcase classname="testcases.AddToCartTestcase" name="ValidateProductAddedToCart" time="1.158"/>
  <testcase classname="testcases.LoginTestcase" name="InvalidLogin" time="0.684"/>
  <testcase classname="testcases.LoginTestcase" name="Title" time="0.021"/>
  <testcase classname="testcases.LoginTestcase" name="ValidLogin" time="0.495"/>
  <testcase classname="testcases.ProductPageTestcase" name="validateDisplayProduct" time="1.015"/>
  <testcase classname="testcases.ProductPageTestcase" name="validateSortProductAtoZ" time="0.926"/>
  <testcase classname="testcases.ProductPageTestcase" name="validateSortProductHighToLOw" time="0.873"/>
  <testcase classname="testcases.ProductPageTestcase" name="validateSortProductLowToHigh" time="0.916"/>
  <testcase classname="testcases.ProductPageTestcase" name="validateSortProductZtoA" time="0.936"/>
  <testcase classname="testcases.CheckOutPageTestcase" name="CheckoutOverview" time="1.542"/>
  <testcase classname="testcases.CheckOutPageTestcase" name="FillOutForm" time="1.499"/>
  <testcase classname="testcases.CheckOutPageTestcase" name="validateConfirmationMessage" time="1.594"/>
</testsuite> <!-- Test -->
